Using pre-set license
Built from '2020.3/staging' branch; Version is '2020.3.5f1 (8095aa901b9b) revision 8426922'; Using compiler version '192528614'; Build Type 'Release'
OS: 'Windows 10 Education; OS build 19044.1288; Version 2009; 64bit' Language: 'en' Physical Memory: 32593 MB
BatchMode: 1, IsHumanControllingUs: 0, StartBugReporterOnCrash: 0, Is64bit: 1, IsPro: 0

 COMMAND LINE ARGUMENTS:
C:\Program Files\Unity\Hub\Editor\2020.3.5f1\Editor\Unity.exe
-adb2
-batchMode
-noUpm
-name
AssetImportWorker0
-projectPath
C:/Users/s228027/Desktop/Projects/RunDinoRun
-logFile
Logs/AssetImportWorker0.log
-srvPort
52797
Successfully changed project path to: C:/Users/s228027/Desktop/Projects/RunDinoRun
C:/Users/s228027/Desktop/Projects/RunDinoRun
Using Asset Import Pipeline V2.
Refreshing native plugins compatible for Editor in 23.45 ms, found 0 plugins.
Preloading 0 native plugins for Editor in 0.00 ms.
Initialize engine version: 2020.3.5f1 (8095aa901b9b)
[Subsystems] Discovering subsystems at path C:/Program Files/Unity/Hub/Editor/2020.3.5f1/Editor/Data/Resources/UnitySubsystems
[Subsystems] Discovering subsystems at path C:/Users/s228027/Desktop/Projects/RunDinoRun/Assets
GfxDevice: creating device client; threaded=0
Direct3D:
    Version:  Direct3D 11.0 [level 11.1]
    Renderer: NVIDIA GeForce GTX 960 (ID=0x1401)
    Vendor:   
    VRAM:     2007 MB
    Driver:   30.0.14.9676
Initialize mono
Mono path[0] = 'C:/Program Files/Unity/Hub/Editor/2020.3.5f1/Editor/Data/Managed'
Mono path[1] = 'C:/Program Files/Unity/Hub/Editor/2020.3.5f1/Editor/Data/MonoBleedingEdge/lib/mono/unityjit'
Mono config path = 'C:/Program Files/Unity/Hub/Editor/2020.3.5f1/Editor/Data/MonoBleedingEdge/etc'
Using monoOptions --debugger-agent=transport=dt_socket,embedding=1,server=y,suspend=n,address=127.0.0.1:56828
Begin MonoManager ReloadAssembly
Registering precompiled unity dll's ...
Register platform support module: C:/Program Files/Unity/Hub/Editor/2020.3.5f1/Editor/Data/PlaybackEngines/WebGLSupport/UnityEditor.WebGL.Extensions.dll
Register platform support module: C:/Program Files/Unity/Hub/Editor/2020.3.5f1/Editor/Data/PlaybackEngines/WindowsStandaloneSupport/UnityEditor.WindowsStandalone.Extensions.dll
Registered in 0.002435 seconds.
Native extension for WindowsStandalone target not found
Native extension for WebGL target not found
Refreshing native plugins compatible for Editor in 23.92 ms, found 0 plugins.
Preloading 0 native plugins for Editor in 0.00 ms.
Mono: successfully reloaded assembly
- Completed reload, in  2.455 seconds
Platform modules already initialized, skipping
Registering precompiled user dll's ...
Registered in 0.000647 seconds.
Begin MonoManager ReloadAssembly
Native extension for WindowsStandalone target not found
Native extension for WebGL target not found
Refreshing native plugins compatible for Editor in 0.25 ms, found 0 plugins.
Preloading 0 native plugins for Editor in 0.00 ms.
Mono: successfully reloaded assembly
- Completed reload, in  0.999 seconds
Platform modules already initialized, skipping
========================================================================
Worker process is ready to serve import requests
Launched and connected shader compiler UnityShaderCompiler.exe after 0.05 seconds
Refreshing native plugins compatible for Editor in 0.43 ms, found 0 plugins.
Preloading 0 native plugins for Editor in 0.00 ms.
Unloading 1122 Unused Serialized files (Serialized files now loaded: 0)
System memory in use before: 57.1 MB.
System memory in use after: 57.2 MB.

Unloading 9 unused Assets to reduce memory usage. Loaded Objects now: 1565.
Total: 1.905600 ms (FindLiveObjects: 0.192300 ms CreateObjectMapping: 0.044700 ms MarkObjects: 1.608700 ms  DeleteObjects: 0.058600 ms)

========================================================================
Received Import Request.
  path: Assets/Scenes/SampleScene.unity
  artifactKey: Guid(9fc0d4010bbf28b4594072e72b8655ab) Importer(815301076,1909f56bfc062723c751e8b465ee728b)
Start importing Assets/Scenes/SampleScene.unity using Guid(9fc0d4010bbf28b4594072e72b8655ab) Importer(815301076,1909f56bfc062723c751e8b465ee728b)  -> (artifact id: 'f03bc584b9b0aa41d86e37cc4c8c0235') in 0.020646 seconds
  Import took 0.022962 seconds .

========================================================================
Received Import Request.
  Time since last request: 1148.840087 seconds.
  path: Assets/Scripts
  artifactKey: Guid(e34d2edf04a7cc24192445ba4a43a2fe) Importer(815301076,1909f56bfc062723c751e8b465ee728b)
Start importing Assets/Scripts using Guid(e34d2edf04a7cc24192445ba4a43a2fe) Importer(815301076,1909f56bfc062723c751e8b465ee728b)  -> (artifact id: '1f7098aa3a8e6d7e237ad8f86da60b29') in 0.009555 seconds
  Import took 0.012379 seconds .

========================================================================
Received Import Request.
  Time since last request: 15.203420 seconds.
  path: Assets/Scripts/QuitBehaviour.cs
  artifactKey: Guid(9f79f4db8b356f2419b14114694c5eff) Importer(815301076,1909f56bfc062723c751e8b465ee728b)
Start importing Assets/Scripts/QuitBehaviour.cs using Guid(9f79f4db8b356f2419b14114694c5eff) Importer(815301076,1909f56bfc062723c751e8b465ee728b)  -> (artifact id: 'a59b2eeb38eb76355763e2516c92db9d') in 0.043615 seconds
  Import took 0.046398 seconds .

========================================================================
Received Import Request.
  Time since last request: 0.079906 seconds.
  path: Assets/Scripts/QuitBehaviour.cs
  artifactKey: Guid(9f79f4db8b356f2419b14114694c5eff) Importer(815301076,1909f56bfc062723c751e8b465ee728b)
Start importing Assets/Scripts/QuitBehaviour.cs using Guid(9f79f4db8b356f2419b14114694c5eff) Importer(815301076,1909f56bfc062723c751e8b465ee728b)  -> (artifact id: 'a59b2eeb38eb76355763e2516c92db9d') in 0.003265 seconds
  Import took 0.006454 seconds .

========================================================================
Received Prepare
Registering precompiled user dll's ...
Registered in 0.000580 seconds.
Begin MonoManager ReloadAssembly
Native extension for WindowsStandalone target not found
Native extension for WebGL target not found
Refreshing native plugins compatible for Editor in 0.25 ms, found 0 plugins.
Preloading 0 native plugins for Editor in 0.00 ms.
Mono: successfully reloaded assembly
- Completed reload, in  0.845 seconds
Platform modules already initialized, skipping
Refreshing native plugins compatible for Editor in 0.24 ms, found 0 plugins.
Preloading 0 native plugins for Editor in 0.00 ms.
Unloading 1117 Unused Serialized files (Serialized files now loaded: 0)
System memory in use before: 57.0 MB.
System memory in use after: 57.1 MB.

Unloading 4 unused Assets to reduce memory usage. Loaded Objects now: 1569.
Total: 1.615000 ms (FindLiveObjects: 0.146400 ms CreateObjectMapping: 0.044400 ms MarkObjects: 1.405700 ms  DeleteObjects: 0.017500 ms)

========================================================================
Received Import Request.
  Time since last request: 389.759482 seconds.
  path: Assets/Scripts/QuitBehaviour.cs
  artifactKey: Guid(9f79f4db8b356f2419b14114694c5eff) Importer(815301076,1909f56bfc062723c751e8b465ee728b)
Start importing Assets/Scripts/QuitBehaviour.cs using Guid(9f79f4db8b356f2419b14114694c5eff) Importer(815301076,1909f56bfc062723c751e8b465ee728b)  -> (artifact id: 'af8be0d1b09ec03046776795adfca9e9') in 0.004870 seconds
  Import took 0.007083 seconds .

========================================================================
Received Import Request.
  Time since last request: 33.802275 seconds.
  path: Assets/Prefabs/Enemy.prefab
  artifactKey: Guid(571fd52682e15104e8fc96bae38c2359) Importer(815301076,1909f56bfc062723c751e8b465ee728b)
Start importing Assets/Prefabs/Enemy.prefab using Guid(571fd52682e15104e8fc96bae38c2359) Importer(815301076,1909f56bfc062723c751e8b465ee728b)  -> (artifact id: '7fd818b298c0636ae69a3a34d180ea84') in 0.342407 seconds
  Import took 0.344853 seconds .

========================================================================
Received Import Request.
  Time since last request: 0.000278 seconds.
  path: Assets/Prefabs/Player.prefab
  artifactKey: Guid(5982dc3ff30e3f04bb176cdf95a5e1ea) Importer(815301076,1909f56bfc062723c751e8b465ee728b)
Start importing Assets/Prefabs/Player.prefab using Guid(5982dc3ff30e3f04bb176cdf95a5e1ea) Importer(815301076,1909f56bfc062723c751e8b465ee728b)  -> (artifact id: 'e02be0e78b35746c9892d071855b1bd6') in 0.038542 seconds
  Import took 0.041368 seconds .

========================================================================
Received Import Request.
  Time since last request: 0.000222 seconds.
  path: Assets/Prefabs/Enemy.prefab
  artifactKey: Guid(571fd52682e15104e8fc96bae38c2359) Importer(815301076,1909f56bfc062723c751e8b465ee728b)
Start importing Assets/Prefabs/Enemy.prefab using Guid(571fd52682e15104e8fc96bae38c2359) Importer(815301076,1909f56bfc062723c751e8b465ee728b)  -> (artifact id: '7fd818b298c0636ae69a3a34d180ea84') in 0.009727 seconds
  Import took 0.012882 seconds .

========================================================================
Received Import Request.
  Time since last request: 0.000287 seconds.
  path: Assets/Prefabs/Ground Material.mat
  artifactKey: Guid(199e660a52cbb024786a310e7b93e536) Importer(815301076,1909f56bfc062723c751e8b465ee728b)
Start importing Assets/Prefabs/Ground Material.mat using Guid(199e660a52cbb024786a310e7b93e536) Importer(815301076,1909f56bfc062723c751e8b465ee728b)  -> (artifact id: '2e9f176ffc284978912c0abcdb7e5343') in 0.050474 seconds
  Import took 0.053247 seconds .

========================================================================
Received Import Request.
  Time since last request: 0.000249 seconds.
  path: Assets/Prefabs/Particle System.prefab
  artifactKey: Guid(3c0520a347c41f94980a1a8e06083d13) Importer(815301076,1909f56bfc062723c751e8b465ee728b)
Start importing Assets/Prefabs/Particle System.prefab using Guid(3c0520a347c41f94980a1a8e06083d13) Importer(815301076,1909f56bfc062723c751e8b465ee728b)  -> (artifact id: '550557ef35b3c7e661fdb32541571871') in 0.015424 seconds
  Import took 0.018262 seconds .

========================================================================
Received Import Request.
  Time since last request: 0.000227 seconds.
  path: Assets/Prefabs/Enemy Material.mat
  artifactKey: Guid(b6bb5371526200543ae791a8de371bc5) Importer(815301076,1909f56bfc062723c751e8b465ee728b)
Start importing Assets/Prefabs/Enemy Material.mat using Guid(b6bb5371526200543ae791a8de371bc5) Importer(815301076,1909f56bfc062723c751e8b465ee728b)  -> (artifact id: 'c1cae6995797790f52ed90c108b362c0') in 0.016869 seconds
  Import took 0.019849 seconds .

========================================================================
Received Import Request.
  Time since last request: 122.908336 seconds.
  path: Assets/Scripts/QuitBehaviour.cs
  artifactKey: Guid(9f79f4db8b356f2419b14114694c5eff) Importer(815301076,1909f56bfc062723c751e8b465ee728b)
Start importing Assets/Scripts/QuitBehaviour.cs using Guid(9f79f4db8b356f2419b14114694c5eff) Importer(815301076,1909f56bfc062723c751e8b465ee728b)  -> (artifact id: '61099f05bc46d673b37b94ec022ee62c') in 0.003116 seconds
  Import took 0.005645 seconds .

========================================================================
Received Import Request.
  Time since last request: 98.485751 seconds.
  path: Packages/com.unity.timeline/Editor/StyleSheets/Images/Icons/d_TimelineCollapseMarkerButtonDisabled.png
  artifactKey: Guid(40947ddc2dd4f0d499a92d0f3675c4e8) Importer(815301076,1909f56bfc062723c751e8b465ee728b)
Start importing Packages/com.unity.timeline/Editor/StyleSheets/Images/Icons/d_TimelineCollapseMarkerButtonDisabled.png using Guid(40947ddc2dd4f0d499a92d0f3675c4e8) Importer(815301076,1909f56bfc062723c751e8b465ee728b)  -> (artifact id: 'd47a5bc14195f2ac5e7f97d634fe934a') in 0.129681 seconds
  Import took 0.132347 seconds .

========================================================================
Received Import Request.
  Time since last request: 0.000210 seconds.
  path: Packages/com.unity.timeline/Editor/StyleSheets/Images/Icons/d_TrackAvatarButtonDisabled.png
  artifactKey: Guid(91746a504b59769439bb2749c314d231) Importer(815301076,1909f56bfc062723c751e8b465ee728b)
Start importing Packages/com.unity.timeline/Editor/StyleSheets/Images/Icons/d_TrackAvatarButtonDisabled.png using Guid(91746a504b59769439bb2749c314d231) Importer(815301076,1909f56bfc062723c751e8b465ee728b)  -> (artifact id: '8445caa8fba53937deece969f1216a75') in 0.012234 seconds
  Import took 0.014285 seconds .

========================================================================
Received Import Request.
  Time since last request: 0.000196 seconds.
  path: Packages/com.unity.timeline/Editor/StyleSheets/Images/Icons/d_TrackCurvesButtonDisabled.png
  artifactKey: Guid(d55a54a15106e3f418a43134888f2211) Importer(815301076,1909f56bfc062723c751e8b465ee728b)
Start importing Packages/com.unity.timeline/Editor/StyleSheets/Images/Icons/d_TrackCurvesButtonDisabled.png using Guid(d55a54a15106e3f418a43134888f2211) Importer(815301076,1909f56bfc062723c751e8b465ee728b)  -> (artifact id: 'e90f080fb8e00b177b44490c3711157a') in 0.012292 seconds
  Import took 0.014672 seconds .

========================================================================
Received Import Request.
  Time since last request: 0.000217 seconds.
  path: Packages/com.unity.timeline/Editor/StyleSheets/Images/Icons/d_TrackCurvesButtonDisabled@2x.png
  artifactKey: Guid(1f3ea4caa6e0ec74388e4d7d16690e68) Importer(815301076,1909f56bfc062723c751e8b465ee728b)
Start importing Packages/com.unity.timeline/Editor/StyleSheets/Images/Icons/d_TrackCurvesButtonDisabled@2x.png using Guid(1f3ea4caa6e0ec74388e4d7d16690e68) Importer(815301076,1909f56bfc062723c751e8b465ee728b)  -> (artifact id: '924582228a41f397e4f1b28f610c96a5') in 0.013911 seconds
  Import took 0.016246 seconds .

========================================================================
Received Import Request.
  Time since last request: 0.000212 seconds.
  path: Packages/com.unity.timeline/Editor/StyleSheets/Images/Icons/d_TrackAvatarButtonDisabled@2x.png
  artifactKey: Guid(fd194f75fe3d7ca4488fa775ae832fd8) Importer(815301076,1909f56bfc062723c751e8b465ee728b)
Start importing Packages/com.unity.timeline/Editor/StyleSheets/Images/Icons/d_TrackAvatarButtonDisabled@2x.png using Guid(fd194f75fe3d7ca4488fa775ae832fd8) Importer(815301076,1909f56bfc062723c751e8b465ee728b)  -> (artifact id: 'a05317b9a1be694c22f3c3b357e874e2') in 0.012737 seconds
  Import took 0.014839 seconds .

========================================================================
Received Import Request.
  Time since last request: 0.000200 seconds.
  path: Packages/com.unity.timeline/Editor/StyleSheets/Images/Icons/d_TrackCurvesButtonDisabled@2x.png
  artifactKey: Guid(1f3ea4caa6e0ec74388e4d7d16690e68) Importer(815301076,1909f56bfc062723c751e8b465ee728b)
Start importing Packages/com.unity.timeline/Editor/StyleSheets/Images/Icons/d_TrackCurvesButtonDisabled@2x.png using Guid(1f3ea4caa6e0ec74388e4d7d16690e68) Importer(815301076,1909f56bfc062723c751e8b465ee728b)  -> (artifact id: '924582228a41f397e4f1b28f610c96a5') in 0.009493 seconds
  Import took 0.012084 seconds .

========================================================================
Received Prepare
Registering precompiled user dll's ...
Registered in 0.000621 seconds.
Begin MonoManager ReloadAssembly
Native extension for WindowsStandalone target not found
Native extension for WebGL target not found
Refreshing native plugins compatible for Editor in 0.24 ms, found 0 plugins.
Preloading 0 native plugins for Editor in 0.00 ms.
Mono: successfully reloaded assembly
- Completed reload, in  0.842 seconds
Platform modules already initialized, skipping
Refreshing native plugins compatible for Editor in 0.21 ms, found 0 plugins.
Preloading 0 native plugins for Editor in 0.00 ms.
Unloading 1117 Unused Serialized files (Serialized files now loaded: 0)
System memory in use before: 60.4 MB.
System memory in use after: 60.5 MB.

Unloading 5 unused Assets to reduce memory usage. Loaded Objects now: 1617.
Total: 1.667000 ms (FindLiveObjects: 0.122400 ms CreateObjectMapping: 0.043600 ms MarkObjects: 1.466800 ms  DeleteObjects: 0.033400 ms)

========================================================================
Received Prepare
Registering precompiled user dll's ...
Registered in 0.000623 seconds.
Begin MonoManager ReloadAssembly
Native extension for WindowsStandalone target not found
Native extension for WebGL target not found
Refreshing native plugins compatible for Editor in 0.26 ms, found 0 plugins.
Preloading 0 native plugins for Editor in 0.00 ms.
Mono: successfully reloaded assembly
- Completed reload, in  0.830 seconds
Platform modules already initialized, skipping
Refreshing native plugins compatible for Editor in 0.22 ms, found 0 plugins.
Preloading 0 native plugins for Editor in 0.00 ms.
Unloading 1117 Unused Serialized files (Serialized files now loaded: 0)
System memory in use before: 60.4 MB.
System memory in use after: 60.5 MB.

Unloading 4 unused Assets to reduce memory usage. Loaded Objects now: 1620.
Total: 1.598900 ms (FindLiveObjects: 0.125100 ms CreateObjectMapping: 0.042800 ms MarkObjects: 1.418200 ms  DeleteObjects: 0.012000 ms)

========================================================================
Received Prepare
Registering precompiled user dll's ...
Registered in 0.000643 seconds.
Begin MonoManager ReloadAssembly
Native extension for WindowsStandalone target not found
Native extension for WebGL target not found
Refreshing native plugins compatible for Editor in 0.26 ms, found 0 plugins.
Preloading 0 native plugins for Editor in 0.00 ms.
Mono: successfully reloaded assembly
- Completed reload, in  0.805 seconds
Platform modules already initialized, skipping
Refreshing native plugins compatible for Editor in 0.21 ms, found 0 plugins.
Preloading 0 native plugins for Editor in 0.00 ms.
Unloading 1117 Unused Serialized files (Serialized files now loaded: 0)
System memory in use before: 60.4 MB.
System memory in use after: 60.5 MB.

Unloading 4 unused Assets to reduce memory usage. Loaded Objects now: 1623.
Total: 1.603700 ms (FindLiveObjects: 0.125000 ms CreateObjectMapping: 0.042800 ms MarkObjects: 1.405400 ms  DeleteObjects: 0.029500 ms)

========================================================================
Received Import Request.
  Time since last request: 533.419212 seconds.
  path: Assets/Scripts/QuitBehaviour.cs
  artifactKey: Guid(9f79f4db8b356f2419b14114694c5eff) Importer(815301076,1909f56bfc062723c751e8b465ee728b)
Start importing Assets/Scripts/QuitBehaviour.cs using Guid(9f79f4db8b356f2419b14114694c5eff) Importer(815301076,1909f56bfc062723c751e8b465ee728b)  -> (artifact id: '8756a81fa4a68fe3b37ed9a2f7f8dfd1') in 0.004611 seconds
  Import took 0.006644 seconds .

========================================================================
Received Import Request.
  Time since last request: 8.987610 seconds.
  path: Assets/Scripts/GameManagerBehaviour.cs
  artifactKey: Guid(9f79f4db8b356f2419b14114694c5eff) Importer(815301076,1909f56bfc062723c751e8b465ee728b)
Start importing Assets/Scripts/GameManagerBehaviour.cs using Guid(9f79f4db8b356f2419b14114694c5eff) Importer(815301076,1909f56bfc062723c751e8b465ee728b)  -> (artifact id: '53f070b458b8fadb2efabd04f6097a36') in 0.009374 seconds
  Import took 0.012487 seconds .

========================================================================
Received Prepare
Registering precompiled user dll's ...
Registered in 0.000584 seconds.
Begin MonoManager ReloadAssembly
Native extension for WindowsStandalone target not found
Native extension for WebGL target not found
Refreshing native plugins compatible for Editor in 0.25 ms, found 0 plugins.
Preloading 0 native plugins for Editor in 0.00 ms.
Mono: successfully reloaded assembly
- Completed reload, in  0.819 seconds
Platform modules already initialized, skipping
Refreshing native plugins compatible for Editor in 0.26 ms, found 0 plugins.
Preloading 0 native plugins for Editor in 0.00 ms.
Unloading 1117 Unused Serialized files (Serialized files now loaded: 0)
System memory in use before: 60.4 MB.
System memory in use after: 60.5 MB.

Unloading 4 unused Assets to reduce memory usage. Loaded Objects now: 1626.
Total: 1.685400 ms (FindLiveObjects: 0.145500 ms CreateObjectMapping: 0.044400 ms MarkObjects: 1.480400 ms  DeleteObjects: 0.013700 ms)

========================================================================
Received Import Request.
  Time since last request: 26.987577 seconds.
  path: Packages/com.unity.collab-proxy/Editor/Assets/Icons/added-file-dark.png
  artifactKey: Guid(1a4f52b613391cd449af3ad2e44affeb) Importer(815301076,1909f56bfc062723c751e8b465ee728b)
Start importing Packages/com.unity.collab-proxy/Editor/Assets/Icons/added-file-dark.png using Guid(1a4f52b613391cd449af3ad2e44affeb) Importer(815301076,1909f56bfc062723c751e8b465ee728b)  -> (artifact id: 'c089a089224939e031dc66501c148fea') in 0.041969 seconds
  Import took 0.044786 seconds .

========================================================================
Received Import Request.
  Time since last request: 0.000259 seconds.
  path: Packages/com.unity.collab-proxy/Editor/Assets/Icons/added-file-dark@2x.png
  artifactKey: Guid(c223e0c507e2c6549a2cb97441b62cbe) Importer(815301076,1909f56bfc062723c751e8b465ee728b)
Start importing Packages/com.unity.collab-proxy/Editor/Assets/Icons/added-file-dark@2x.png using Guid(c223e0c507e2c6549a2cb97441b62cbe) Importer(815301076,1909f56bfc062723c751e8b465ee728b)  -> (artifact id: '4d04991aa459124ff88d977805e6a99e') in 0.014540 seconds
  Import took 0.016907 seconds .

========================================================================
Received Import Request.
  Time since last request: 0.000218 seconds.
  path: Packages/com.unity.collab-proxy/Editor/Assets/Icons/added-file-light.png
  artifactKey: Guid(397fff6c3885f8343bb65714f0064b5d) Importer(815301076,1909f56bfc062723c751e8b465ee728b)
Start importing Packages/com.unity.collab-proxy/Editor/Assets/Icons/added-file-light.png using Guid(397fff6c3885f8343bb65714f0064b5d) Importer(815301076,1909f56bfc062723c751e8b465ee728b)  -> (artifact id: '19ece3250705fedfbb9d0284ede5490a') in 0.018838 seconds
  Import took 0.020997 seconds .

========================================================================
Received Import Request.
  Time since last request: 2.712761 seconds.
  path: Packages/com.unity.collab-proxy/Editor/Assets/Icons/added-file-light@2x.png
  artifactKey: Guid(ec2e3aa6d0ab8ce4eac29b56d65d61d5) Importer(815301076,1909f56bfc062723c751e8b465ee728b)
Start importing Packages/com.unity.collab-proxy/Editor/Assets/Icons/added-file-light@2x.png using Guid(ec2e3aa6d0ab8ce4eac29b56d65d61d5) Importer(815301076,1909f56bfc062723c751e8b465ee728b)  -> (artifact id: '121b58a81b214671fa945d695846399b') in 0.013105 seconds
  Import took 0.015949 seconds .

========================================================================
Received Import Request.
  Time since last request: 0.000275 seconds.
  path: Packages/com.unity.collab-proxy/Editor/Assets/Styles/AlertBox.uss
  artifactKey: Guid(85516056fd2579c45b10c08bc3c52a08) Importer(815301076,1909f56bfc062723c751e8b465ee728b)
Start importing Packages/com.unity.collab-proxy/Editor/Assets/Styles/AlertBox.uss using Guid(85516056fd2579c45b10c08bc3c52a08) Importer(815301076,1909f56bfc062723c751e8b465ee728b)  -> (artifact id: '1e93555b680bb31bb8a8883cce815bf0') in 0.019690 seconds
  Import took 0.022099 seconds .

========================================================================
Received Import Request.
  Time since last request: 0.000232 seconds.
  path: Packages/com.unity.collab-proxy/Editor/Assets/Icons/added-file-light@2x.png
  artifactKey: Guid(ec2e3aa6d0ab8ce4eac29b56d65d61d5) Importer(815301076,1909f56bfc062723c751e8b465ee728b)
Start importing Packages/com.unity.collab-proxy/Editor/Assets/Icons/added-file-light@2x.png using Guid(ec2e3aa6d0ab8ce4eac29b56d65d61d5) Importer(815301076,1909f56bfc062723c751e8b465ee728b)  -> (artifact id: '121b58a81b214671fa945d695846399b') in 0.007068 seconds
  Import took 0.009374 seconds .

========================================================================
Received Import Request.
  Time since last request: 0.003392 seconds.
  path: Packages/com.unity.collab-proxy/Editor/Assets/Styles/AlertBox.uss
  artifactKey: Guid(85516056fd2579c45b10c08bc3c52a08) Importer(815301076,1909f56bfc062723c751e8b465ee728b)
Start importing Packages/com.unity.collab-proxy/Editor/Assets/Styles/AlertBox.uss using Guid(85516056fd2579c45b10c08bc3c52a08) Importer(815301076,1909f56bfc062723c751e8b465ee728b)  -> (artifact id: '1e93555b680bb31bb8a8883cce815bf0') in 0.003820 seconds
  Import took 0.006806 seconds .

========================================================================
Received Import Request.
  Time since last request: 0.031788 seconds.
  path: Packages/com.unity.collab-proxy/Editor/Assets/Layouts/AlertBox.uxml
  artifactKey: Guid(13d7e179675caff4293e8d5c7fb1dda8) Importer(815301076,1909f56bfc062723c751e8b465ee728b)
Start importing Packages/com.unity.collab-proxy/Editor/Assets/Layouts/AlertBox.uxml using Guid(13d7e179675caff4293e8d5c7fb1dda8) Importer(815301076,1909f56bfc062723c751e8b465ee728b)  -> (artifact id: '69d16c86f5e52e9cefb800924ff401d7') in 0.010857 seconds
  Import took 0.013737 seconds .

========================================================================
Received Prepare
Registering precompiled user dll's ...
Registered in 0.000686 seconds.
Begin MonoManager ReloadAssembly
Native extension for WindowsStandalone target not found
Native extension for WebGL target not found
Refreshing native plugins compatible for Editor in 0.25 ms, found 0 plugins.
Preloading 0 native plugins for Editor in 0.00 ms.
Mono: successfully reloaded assembly
- Completed reload, in  0.794 seconds
Platform modules already initialized, skipping
Refreshing native plugins compatible for Editor in 0.20 ms, found 0 plugins.
Preloading 0 native plugins for Editor in 0.00 ms.
Unloading 1118 Unused Serialized files (Serialized files now loaded: 0)
System memory in use before: 60.5 MB.
System memory in use after: 60.6 MB.

Unloading 4 unused Assets to reduce memory usage. Loaded Objects now: 1630.
Total: 1.607100 ms (FindLiveObjects: 0.123100 ms CreateObjectMapping: 0.044700 ms MarkObjects: 1.409600 ms  DeleteObjects: 0.028900 ms)

========================================================================
Received Import Request.
  Time since last request: 133.853345 seconds.
  path: Assets/Scripts/QuitBehaviour.cs
  artifactKey: Guid(f013c7fc554e78243a31fe24de852506) Importer(815301076,1909f56bfc062723c751e8b465ee728b)
Start importing Assets/Scripts/QuitBehaviour.cs using Guid(f013c7fc554e78243a31fe24de852506) Importer(815301076,1909f56bfc062723c751e8b465ee728b)  -> (artifact id: 'b1bd8ad7285f26b34c75e2a8a6db62dc') in 0.005487 seconds
  Import took 0.008079 seconds .

========================================================================
Received Prepare
Registering precompiled user dll's ...
Registered in 0.000605 seconds.
Begin MonoManager ReloadAssembly
Native extension for WindowsStandalone target not found
Native extension for WebGL target not found
Refreshing native plugins compatible for Editor in 0.25 ms, found 0 plugins.
Preloading 0 native plugins for Editor in 0.00 ms.
Mono: successfully reloaded assembly
- Completed reload, in  0.820 seconds
Platform modules already initialized, skipping
Refreshing native plugins compatible for Editor in 0.27 ms, found 0 plugins.
Preloading 0 native plugins for Editor in 0.00 ms.
Unloading 1117 Unused Serialized files (Serialized files now loaded: 0)
System memory in use before: 60.5 MB.
System memory in use after: 60.6 MB.

Unloading 5 unused Assets to reduce memory usage. Loaded Objects now: 1632.
Total: 1.783800 ms (FindLiveObjects: 0.226800 ms CreateObjectMapping: 0.064800 ms MarkObjects: 1.476800 ms  DeleteObjects: 0.014200 ms)

========================================================================
Received Prepare
Registering precompiled user dll's ...
Registered in 0.000600 seconds.
Begin MonoManager ReloadAssembly
Native extension for WindowsStandalone target not found
Native extension for WebGL target not found
Refreshing native plugins compatible for Editor in 0.25 ms, found 0 plugins.
Preloading 0 native plugins for Editor in 0.00 ms.
Mono: successfully reloaded assembly
- Completed reload, in  0.833 seconds
Platform modules already initialized, skipping
Refreshing native plugins compatible for Editor in 0.21 ms, found 0 plugins.
Preloading 0 native plugins for Editor in 0.00 ms.
Unloading 1117 Unused Serialized files (Serialized files now loaded: 0)
System memory in use before: 60.5 MB.
System memory in use after: 60.6 MB.

Unloading 4 unused Assets to reduce memory usage. Loaded Objects now: 1635.
Total: 1.624000 ms (FindLiveObjects: 0.124000 ms CreateObjectMapping: 0.041200 ms MarkObjects: 1.445400 ms  DeleteObjects: 0.012500 ms)

========================================================================
Received Import Request.
  Time since last request: 150.627215 seconds.
  path: Assets/Scripts/GameManagerBehaviour.cs
  artifactKey: Guid(9f79f4db8b356f2419b14114694c5eff) Importer(815301076,1909f56bfc062723c751e8b465ee728b)
Start importing Assets/Scripts/GameManagerBehaviour.cs using Guid(9f79f4db8b356f2419b14114694c5eff) Importer(815301076,1909f56bfc062723c751e8b465ee728b)  -> (artifact id: '3cc7148f303d00a8a915624fdc62151d') in 0.004875 seconds
  Import took 0.007296 seconds .

========================================================================
Received Import Request.
  Time since last request: 0.002895 seconds.
  path: Assets/Scripts/GameManagerBehaviour.cs
  artifactKey: Guid(9f79f4db8b356f2419b14114694c5eff) Importer(815301076,1909f56bfc062723c751e8b465ee728b)
Start importing Assets/Scripts/GameManagerBehaviour.cs using Guid(9f79f4db8b356f2419b14114694c5eff) Importer(815301076,1909f56bfc062723c751e8b465ee728b)  -> (artifact id: '3cc7148f303d00a8a915624fdc62151d') in 0.002275 seconds
  Import took 0.004143 seconds .

========================================================================
Received Import Request.
  Time since last request: 3.009627 seconds.
  path: Assets/Scripts/EnemyCollisionBehaviour.cs
  artifactKey: Guid(87cf2359043b0824f8e92860ee57fa40) Importer(815301076,1909f56bfc062723c751e8b465ee728b)
Start importing Assets/Scripts/EnemyCollisionBehaviour.cs using Guid(87cf2359043b0824f8e92860ee57fa40) Importer(815301076,1909f56bfc062723c751e8b465ee728b)  -> (artifact id: 'f35f31aa734421b1cfc2a1b6ff2e27ab') in 0.010574 seconds
  Import took 0.013535 seconds .

========================================================================
Received Import Request.
  Time since last request: 1.296950 seconds.
  path: Assets/Scripts/EnemyMovementBehaviour.cs
  artifactKey: Guid(cc8041a4d065d0b478587b9764831521) Importer(815301076,1909f56bfc062723c751e8b465ee728b)
Start importing Assets/Scripts/EnemyMovementBehaviour.cs using Guid(cc8041a4d065d0b478587b9764831521) Importer(815301076,1909f56bfc062723c751e8b465ee728b)  -> (artifact id: '0e4de45b997d4f9e6609f1750a8c95b8') in 0.008040 seconds
  Import took 0.011009 seconds .

========================================================================
Received Import Request.
  Time since last request: 0.027487 seconds.
  path: Assets/Scripts/EnemyMovementBehaviour.cs
  artifactKey: Guid(cc8041a4d065d0b478587b9764831521) Importer(815301076,1909f56bfc062723c751e8b465ee728b)
Start importing Assets/Scripts/EnemyMovementBehaviour.cs using Guid(cc8041a4d065d0b478587b9764831521) Importer(815301076,1909f56bfc062723c751e8b465ee728b)  -> (artifact id: '0e4de45b997d4f9e6609f1750a8c95b8') in 0.002804 seconds
  Import took 0.005190 seconds .

========================================================================
Received Import Request.
  Time since last request: 1.727232 seconds.
  path: Assets/Scripts/GroundColliderBehaviour.cs
  artifactKey: Guid(5185efa63c2c19d4a9a1409c48dd6832) Importer(815301076,1909f56bfc062723c751e8b465ee728b)
Start importing Assets/Scripts/GroundColliderBehaviour.cs using Guid(5185efa63c2c19d4a9a1409c48dd6832) Importer(815301076,1909f56bfc062723c751e8b465ee728b)  -> (artifact id: '56063b630e24365f0d6c3d4b7804438e') in 0.010223 seconds
  Import took 0.013746 seconds .

========================================================================
Received Import Request.
  Time since last request: 0.647956 seconds.
  path: Assets/Scripts/PlayerCollisionBehaviour.cs
  artifactKey: Guid(6c7a0aacdbdd7f4429d371111909f762) Importer(815301076,1909f56bfc062723c751e8b465ee728b)
Start importing Assets/Scripts/PlayerCollisionBehaviour.cs using Guid(6c7a0aacdbdd7f4429d371111909f762) Importer(815301076,1909f56bfc062723c751e8b465ee728b)  -> (artifact id: '75d3eaec4a067a9ab6ee8c6cd3202b0e') in 0.009170 seconds
  Import took 0.011732 seconds .

========================================================================
Received Import Request.
  Time since last request: 0.000599 seconds.
  path: Assets/Scripts/PlayerCollisionBehaviour.cs
  artifactKey: Guid(6c7a0aacdbdd7f4429d371111909f762) Importer(815301076,1909f56bfc062723c751e8b465ee728b)
Start importing Assets/Scripts/PlayerCollisionBehaviour.cs using Guid(6c7a0aacdbdd7f4429d371111909f762) Importer(815301076,1909f56bfc062723c751e8b465ee728b)  -> (artifact id: '75d3eaec4a067a9ab6ee8c6cd3202b0e') in 0.002832 seconds
  Import took 0.004783 seconds .

========================================================================
Received Import Request.
  Time since last request: 0.714352 seconds.
  path: Assets/Scripts/PlayerMovementBehaviour.cs
  artifactKey: Guid(c2511b4ac720e4b41a76c64459685f53) Importer(815301076,1909f56bfc062723c751e8b465ee728b)
Start importing Assets/Scripts/PlayerMovementBehaviour.cs using Guid(c2511b4ac720e4b41a76c64459685f53) Importer(815301076,1909f56bfc062723c751e8b465ee728b)  -> (artifact id: '6e875101de2a0da9e750bcde6c843d8e') in 0.008669 seconds
  Import took 0.010987 seconds .

========================================================================
Received Import Request.
  Time since last request: 0.002096 seconds.
  path: Assets/Scripts/PlayerMovementBehaviour.cs
  artifactKey: Guid(c2511b4ac720e4b41a76c64459685f53) Importer(815301076,1909f56bfc062723c751e8b465ee728b)
Start importing Assets/Scripts/PlayerMovementBehaviour.cs using Guid(c2511b4ac720e4b41a76c64459685f53) Importer(815301076,1909f56bfc062723c751e8b465ee728b)  -> (artifact id: '6e875101de2a0da9e750bcde6c843d8e') in 0.002195 seconds
  Import took 0.004178 seconds .

========================================================================
Received Import Request.
  Time since last request: 0.720356 seconds.
  path: Assets/Scripts/ScoreBehaviour.cs
  artifactKey: Guid(1200c44be191e2541b9119ba1b6d85ce) Importer(815301076,1909f56bfc062723c751e8b465ee728b)
Start importing Assets/Scripts/ScoreBehaviour.cs using Guid(1200c44be191e2541b9119ba1b6d85ce) Importer(815301076,1909f56bfc062723c751e8b465ee728b)  -> (artifact id: 'c14c5d1bcc7111b90cc203d3d53cd5dc') in 0.008122 seconds
  Import took 0.011091 seconds .

========================================================================
Received Import Request.
  Time since last request: 0.895713 seconds.
  path: Assets/Scripts/SpawnerBehaviour.cs
  artifactKey: Guid(04091ae5f8080c04f82bcc9258784f28) Importer(815301076,1909f56bfc062723c751e8b465ee728b)
Start importing Assets/Scripts/SpawnerBehaviour.cs using Guid(04091ae5f8080c04f82bcc9258784f28) Importer(815301076,1909f56bfc062723c751e8b465ee728b)  -> (artifact id: '8097bc96102d92f221a36765d1777459') in 0.007824 seconds
  Import took 0.010337 seconds .

========================================================================
Received Import Request.
  Time since last request: 0.001292 seconds.
  path: Assets/Scripts/SpawnerBehaviour.cs
  artifactKey: Guid(04091ae5f8080c04f82bcc9258784f28) Importer(815301076,1909f56bfc062723c751e8b465ee728b)
Start importing Assets/Scripts/SpawnerBehaviour.cs using Guid(04091ae5f8080c04f82bcc9258784f28) Importer(815301076,1909f56bfc062723c751e8b465ee728b)  -> (artifact id: '8097bc96102d92f221a36765d1777459') in 0.002772 seconds
  Import took 0.004849 seconds .

========================================================================
Received Prepare
Registering precompiled user dll's ...
Registered in 0.000616 seconds.
Begin MonoManager ReloadAssembly
Native extension for WindowsStandalone target not found
Native extension for WebGL target not found
Refreshing native plugins compatible for Editor in 0.24 ms, found 0 plugins.
Preloading 0 native plugins for Editor in 0.00 ms.
Mono: successfully reloaded assembly
- Completed reload, in  0.819 seconds
Platform modules already initialized, skipping
Refreshing native plugins compatible for Editor in 0.25 ms, found 0 plugins.
Preloading 0 native plugins for Editor in 0.00 ms.
Unloading 1117 Unused Serialized files (Serialized files now loaded: 0)
System memory in use before: 60.5 MB.
System memory in use after: 60.6 MB.

Unloading 4 unused Assets to reduce memory usage. Loaded Objects now: 1638.
Total: 1.847100 ms (FindLiveObjects: 0.136700 ms CreateObjectMapping: 0.043300 ms MarkObjects: 1.633100 ms  DeleteObjects: 0.033300 ms)

========================================================================
Received Prepare
Registering precompiled user dll's ...
Registered in 0.000738 seconds.
Begin MonoManager ReloadAssembly
Native extension for WindowsStandalone target not found
Native extension for WebGL target not found
Refreshing native plugins compatible for Editor in 0.26 ms, found 0 plugins.
Preloading 0 native plugins for Editor in 0.00 ms.
Mono: successfully reloaded assembly
- Completed reload, in  0.868 seconds
Platform modules already initialized, skipping
Refreshing native plugins compatible for Editor in 0.24 ms, found 0 plugins.
Preloading 0 native plugins for Editor in 0.00 ms.
Unloading 1117 Unused Serialized files (Serialized files now loaded: 0)
System memory in use before: 60.5 MB.
System memory in use after: 60.6 MB.

Unloading 4 unused Assets to reduce memory usage. Loaded Objects now: 1641.
Total: 1.720800 ms (FindLiveObjects: 0.195800 ms CreateObjectMapping: 0.043900 ms MarkObjects: 1.466300 ms  DeleteObjects: 0.014000 ms)

========================================================================
Received Prepare
Refreshing native plugins compatible for Editor in 0.74 ms, found 0 plugins.
Preloading 0 native plugins for Editor in 0.00 ms.
Unloading 2 Unused Serialized files (Serialized files now loaded: 0)
System memory in use before: 38.3 MB.
System memory in use after: 38.5 MB.

Unloading 2 unused Assets to reduce memory usage. Loaded Objects now: 1641.
Total: 2.146600 ms (FindLiveObjects: 0.338500 ms CreateObjectMapping: 0.178000 ms MarkObjects: 1.617600 ms  DeleteObjects: 0.011700 ms)

========================================================================
Received Prepare
Refreshing native plugins compatible for Editor in 0.91 ms, found 0 plugins.
Preloading 0 native plugins for Editor in 0.00 ms.
Unloading 2 Unused Serialized files (Serialized files now loaded: 0)
System memory in use before: 38.4 MB.
System memory in use after: 38.5 MB.

Unloading 2 unused Assets to reduce memory usage. Loaded Objects now: 1641.
Total: 2.312600 ms (FindLiveObjects: 0.144200 ms CreateObjectMapping: 0.044900 ms MarkObjects: 2.104100 ms  DeleteObjects: 0.018100 ms)

========================================================================
Received Prepare
Refreshing native plugins compatible for Editor in 0.88 ms, found 0 plugins.
Preloading 0 native plugins for Editor in 0.00 ms.
Unloading 2 Unused Serialized files (Serialized files now loaded: 0)
System memory in use before: 38.4 MB.
System memory in use after: 38.5 MB.

Unloading 2 unused Assets to reduce memory usage. Loaded Objects now: 1641.
Total: 2.102200 ms (FindLiveObjects: 0.173900 ms CreateObjectMapping: 0.045500 ms MarkObjects: 1.866800 ms  DeleteObjects: 0.014500 ms)

========================================================================
Received Prepare
Refreshing native plugins compatible for Editor in 0.77 ms, found 0 plugins.
Preloading 0 native plugins for Editor in 0.00 ms.
Unloading 2 Unused Serialized files (Serialized files now loaded: 0)
System memory in use before: 38.4 MB.
System memory in use after: 38.5 MB.

Unloading 2 unused Assets to reduce memory usage. Loaded Objects now: 1641.
Total: 1.889200 ms (FindLiveObjects: 0.147900 ms CreateObjectMapping: 0.043500 ms MarkObjects: 1.684000 ms  DeleteObjects: 0.012400 ms)

========================================================================
Received Prepare
Refreshing native plugins compatible for Editor in 0.76 ms, found 0 plugins.
Preloading 0 native plugins for Editor in 0.00 ms.
Unloading 2 Unused Serialized files (Serialized files now loaded: 0)
System memory in use before: 38.4 MB.
System memory in use after: 38.5 MB.

Unloading 2 unused Assets to reduce memory usage. Loaded Objects now: 1641.
Total: 1.866200 ms (FindLiveObjects: 0.139100 ms CreateObjectMapping: 0.044700 ms MarkObjects: 1.667400 ms  DeleteObjects: 0.014100 ms)

========================================================================
Received Prepare
Refreshing native plugins compatible for Editor in 0.86 ms, found 0 plugins.
Preloading 0 native plugins for Editor in 0.00 ms.
Unloading 2 Unused Serialized files (Serialized files now loaded: 0)
System memory in use before: 38.4 MB.
System memory in use after: 38.5 MB.

Unloading 2 unused Assets to reduce memory usage. Loaded Objects now: 1641.
Total: 1.662900 ms (FindLiveObjects: 0.143800 ms CreateObjectMapping: 0.044200 ms MarkObjects: 1.453600 ms  DeleteObjects: 0.020100 ms)

========================================================================
Received Prepare
Refreshing native plugins compatible for Editor in 0.79 ms, found 0 plugins.
Preloading 0 native plugins for Editor in 0.00 ms.
Unloading 2 Unused Serialized files (Serialized files now loaded: 0)
System memory in use before: 38.4 MB.
System memory in use after: 38.5 MB.

Unloading 2 unused Assets to reduce memory usage. Loaded Objects now: 1641.
Total: 1.662000 ms (FindLiveObjects: 0.139800 ms CreateObjectMapping: 0.044000 ms MarkObjects: 1.465300 ms  DeleteObjects: 0.012100 ms)

========================================================================
Received Prepare
Registering precompiled user dll's ...
Registered in 0.000904 seconds.
Begin MonoManager ReloadAssembly
Native extension for WindowsStandalone target not found
Native extension for WebGL target not found
Refreshing native plugins compatible for Editor in 0.25 ms, found 0 plugins.
Preloading 0 native plugins for Editor in 0.00 ms.
Mono: successfully reloaded assembly
- Completed reload, in  1.079 seconds
Platform modules already initialized, skipping
Refreshing native plugins compatible for Editor in 0.27 ms, found 0 plugins.
Preloading 0 native plugins for Editor in 0.00 ms.
Unloading 1117 Unused Serialized files (Serialized files now loaded: 0)
System memory in use before: 60.5 MB.
System memory in use after: 60.6 MB.

Unloading 4 unused Assets to reduce memory usage. Loaded Objects now: 1644.
Total: 1.725900 ms (FindLiveObjects: 0.172300 ms CreateObjectMapping: 0.043400 ms MarkObjects: 1.488100 ms  DeleteObjects: 0.020700 ms)

========================================================================
Received Prepare
Refreshing native plugins compatible for Editor in 0.83 ms, found 0 plugins.
Preloading 0 native plugins for Editor in 0.00 ms.
Unloading 2 Unused Serialized files (Serialized files now loaded: 0)
System memory in use before: 38.4 MB.
System memory in use after: 38.5 MB.

Unloading 2 unused Assets to reduce memory usage. Loaded Objects now: 1644.
Total: 1.918600 ms (FindLiveObjects: 0.275800 ms CreateObjectMapping: 0.067400 ms MarkObjects: 1.561000 ms  DeleteObjects: 0.013100 ms)

========================================================================
Received Import Request.
  Time since last request: 678.342263 seconds.
  path: Assets/Scripts/GameManagerBehaviour.cs
  artifactKey: Guid(9f79f4db8b356f2419b14114694c5eff) Importer(815301076,1909f56bfc062723c751e8b465ee728b)
Start importing Assets/Scripts/GameManagerBehaviour.cs using Guid(9f79f4db8b356f2419b14114694c5eff) Importer(815301076,1909f56bfc062723c751e8b465ee728b)  -> (artifact id: 'd8095b54d90cd58a9a31db049febee50') in 0.009933 seconds
  Import took 0.012738 seconds .

========================================================================
Received Import Request.
  Time since last request: 0.000571 seconds.
  path: Assets/Scripts/GameManagerBehaviour.cs
  artifactKey: Guid(9f79f4db8b356f2419b14114694c5eff) Importer(815301076,1909f56bfc062723c751e8b465ee728b)
Start importing Assets/Scripts/GameManagerBehaviour.cs using Guid(9f79f4db8b356f2419b14114694c5eff) Importer(815301076,1909f56bfc062723c751e8b465ee728b)  -> (artifact id: 'd8095b54d90cd58a9a31db049febee50') in 0.002891 seconds
  Import took 0.004908 seconds .

========================================================================
Received Prepare
Refreshing native plugins compatible for Editor in 0.77 ms, found 0 plugins.
Preloading 0 native plugins for Editor in 0.00 ms.
Unloading 2 Unused Serialized files (Serialized files now loaded: 0)
System memory in use before: 38.4 MB.
System memory in use after: 38.5 MB.

Unloading 2 unused Assets to reduce memory usage. Loaded Objects now: 1644.
Total: 2.210900 ms (FindLiveObjects: 0.140300 ms CreateObjectMapping: 0.041900 ms MarkObjects: 2.013000 ms  DeleteObjects: 0.014600 ms)

========================================================================
Received Prepare
Refreshing native plugins compatible for Editor in 0.77 ms, found 0 plugins.
Preloading 0 native plugins for Editor in 0.00 ms.
Unloading 2 Unused Serialized files (Serialized files now loaded: 0)
System memory in use before: 38.4 MB.
System memory in use after: 38.5 MB.

Unloading 2 unused Assets to reduce memory usage. Loaded Objects now: 1644.
Total: 2.035000 ms (FindLiveObjects: 0.157600 ms CreateObjectMapping: 0.043400 ms MarkObjects: 1.818500 ms  DeleteObjects: 0.013700 ms)

========================================================================
Received Prepare
Refreshing native plugins compatible for Editor in 0.76 ms, found 0 plugins.
Preloading 0 native plugins for Editor in 0.00 ms.
Unloading 2 Unused Serialized files (Serialized files now loaded: 0)
System memory in use before: 38.4 MB.
System memory in use after: 38.5 MB.

Unloading 2 unused Assets to reduce memory usage. Loaded Objects now: 1644.
Total: 2.111400 ms (FindLiveObjects: 0.438000 ms CreateObjectMapping: 0.062700 ms MarkObjects: 1.593900 ms  DeleteObjects: 0.015600 ms)

========================================================================
Received Prepare
Refreshing native plugins compatible for Editor in 0.77 ms, found 0 plugins.
Preloading 0 native plugins for Editor in 0.00 ms.
Unloading 2 Unused Serialized files (Serialized files now loaded: 0)
System memory in use before: 38.4 MB.
System memory in use after: 38.5 MB.

Unloading 2 unused Assets to reduce memory usage. Loaded Objects now: 1644.
Total: 1.778100 ms (FindLiveObjects: 0.154800 ms CreateObjectMapping: 0.043800 ms MarkObjects: 1.553700 ms  DeleteObjects: 0.024400 ms)

========================================================================
Received Prepare
Refreshing native plugins compatible for Editor in 0.76 ms, found 0 plugins.
Preloading 0 native plugins for Editor in 0.00 ms.
Unloading 2 Unused Serialized files (Serialized files now loaded: 0)
System memory in use before: 38.4 MB.
System memory in use after: 38.5 MB.

Unloading 2 unused Assets to reduce memory usage. Loaded Objects now: 1644.
Total: 1.693500 ms (FindLiveObjects: 0.141100 ms CreateObjectMapping: 0.043500 ms MarkObjects: 1.496500 ms  DeleteObjects: 0.011800 ms)

========================================================================
Received Prepare
Refreshing native plugins compatible for Editor in 0.78 ms, found 0 plugins.
Preloading 0 native plugins for Editor in 0.00 ms.
Unloading 2 Unused Serialized files (Serialized files now loaded: 0)
System memory in use before: 38.4 MB.
System memory in use after: 38.5 MB.

Unloading 2 unused Assets to reduce memory usage. Loaded Objects now: 1644.
Total: 1.667400 ms (FindLiveObjects: 0.156100 ms CreateObjectMapping: 0.042700 ms MarkObjects: 1.455400 ms  DeleteObjects: 0.012300 ms)

========================================================================
Received Prepare
Refreshing native plugins compatible for Editor in 0.79 ms, found 0 plugins.
Preloading 0 native plugins for Editor in 0.00 ms.
Unloading 2 Unused Serialized files (Serialized files now loaded: 0)
System memory in use before: 38.4 MB.
System memory in use after: 38.5 MB.

Unloading 2 unused Assets to reduce memory usage. Loaded Objects now: 1644.
Total: 1.681000 ms (FindLiveObjects: 0.138700 ms CreateObjectMapping: 0.041600 ms MarkObjects: 1.487000 ms  DeleteObjects: 0.012700 ms)

========================================================================
Received Prepare
Refreshing native plugins compatible for Editor in 0.76 ms, found 0 plugins.
Preloading 0 native plugins for Editor in 0.00 ms.
Unloading 2 Unused Serialized files (Serialized files now loaded: 0)
System memory in use before: 38.4 MB.
System memory in use after: 38.5 MB.

Unloading 2 unused Assets to reduce memory usage. Loaded Objects now: 1644.
Total: 2.277100 ms (FindLiveObjects: 0.168400 ms CreateObjectMapping: 0.043500 ms MarkObjects: 2.044900 ms  DeleteObjects: 0.018800 ms)

========================================================================
Received Prepare
Refreshing native plugins compatible for Editor in 0.74 ms, found 0 plugins.
Preloading 0 native plugins for Editor in 0.00 ms.
Unloading 2 Unused Serialized files (Serialized files now loaded: 0)
System memory in use before: 38.4 MB.
System memory in use after: 38.5 MB.

Unloading 2 unused Assets to reduce memory usage. Loaded Objects now: 1644.
Total: 1.783300 ms (FindLiveObjects: 0.143200 ms CreateObjectMapping: 0.042100 ms MarkObjects: 1.569300 ms  DeleteObjects: 0.027600 ms)

========================================================================
Received Prepare
Refreshing native plugins compatible for Editor in 0.77 ms, found 0 plugins.
Preloading 0 native plugins for Editor in 0.00 ms.
Unloading 2 Unused Serialized files (Serialized files now loaded: 0)
System memory in use before: 38.4 MB.
System memory in use after: 38.5 MB.

Unloading 2 unused Assets to reduce memory usage. Loaded Objects now: 1644.
Total: 2.098600 ms (FindLiveObjects: 0.157200 ms CreateObjectMapping: 0.043500 ms MarkObjects: 1.880100 ms  DeleteObjects: 0.016200 ms)

========================================================================
Received Prepare
Refreshing native plugins compatible for Editor in 0.77 ms, found 0 plugins.
Preloading 0 native plugins for Editor in 0.00 ms.
Unloading 2 Unused Serialized files (Serialized files now loaded: 0)
System memory in use before: 38.4 MB.
System memory in use after: 38.5 MB.

Unloading 2 unused Assets to reduce memory usage. Loaded Objects now: 1644.
Total: 1.955600 ms (FindLiveObjects: 0.190300 ms CreateObjectMapping: 0.043200 ms MarkObjects: 1.703900 ms  DeleteObjects: 0.016700 ms)

========================================================================
Received Import Request.
  Time since last request: 1654.909326 seconds.
  path: Assets/Scripts/EnemyCollisionBehaviour.cs
  artifactKey: Guid(87cf2359043b0824f8e92860ee57fa40) Importer(815301076,1909f56bfc062723c751e8b465ee728b)
Start importing Assets/Scripts/EnemyCollisionBehaviour.cs using Guid(87cf2359043b0824f8e92860ee57fa40) Importer(815301076,1909f56bfc062723c751e8b465ee728b)  -> (artifact id: '31e66c835b0635b931a9dcc507020040') in 0.003512 seconds
  Import took 0.006303 seconds .

========================================================================
Received Prepare
Registering precompiled user dll's ...
Registered in 0.000646 seconds.
Begin MonoManager ReloadAssembly
Native extension for WindowsStandalone target not found
Native extension for WebGL target not found
Refreshing native plugins compatible for Editor in 0.24 ms, found 0 plugins.
Preloading 0 native plugins for Editor in 0.00 ms.
Mono: successfully reloaded assembly
- Completed reload, in  0.799 seconds
Platform modules already initialized, skipping
Refreshing native plugins compatible for Editor in 0.20 ms, found 0 plugins.
Preloading 0 native plugins for Editor in 0.00 ms.
Unloading 1117 Unused Serialized files (Serialized files now loaded: 0)
System memory in use before: 60.5 MB.
System memory in use after: 60.6 MB.

Unloading 4 unused Assets to reduce memory usage. Loaded Objects now: 1647.
Total: 1.652000 ms (FindLiveObjects: 0.132900 ms CreateObjectMapping: 0.044000 ms MarkObjects: 1.445900 ms  DeleteObjects: 0.028400 ms)

========================================================================
Received Prepare
Refreshing native plugins compatible for Editor in 0.89 ms, found 0 plugins.
Preloading 0 native plugins for Editor in 0.00 ms.
Unloading 2 Unused Serialized files (Serialized files now loaded: 0)
System memory in use before: 38.4 MB.
System memory in use after: 38.5 MB.

Unloading 2 unused Assets to reduce memory usage. Loaded Objects now: 1647.
Total: 1.613600 ms (FindLiveObjects: 0.138500 ms CreateObjectMapping: 0.042300 ms MarkObjects: 1.420900 ms  DeleteObjects: 0.010600 ms)

========================================================================
Received Prepare
Refreshing native plugins compatible for Editor in 0.81 ms, found 0 plugins.
Preloading 0 native plugins for Editor in 0.00 ms.
Unloading 2 Unused Serialized files (Serialized files now loaded: 0)
System memory in use before: 38.4 MB.
System memory in use after: 38.5 MB.

Unloading 2 unused Assets to reduce memory usage. Loaded Objects now: 1647.
Total: 1.767200 ms (FindLiveObjects: 0.194700 ms CreateObjectMapping: 0.043800 ms MarkObjects: 1.515900 ms  DeleteObjects: 0.011800 ms)

========================================================================
Received Prepare
Registering precompiled user dll's ...
Registered in 0.001261 seconds.
Begin MonoManager ReloadAssembly
Native extension for WindowsStandalone target not found
Native extension for WebGL target not found
Refreshing native plugins compatible for Editor in 0.25 ms, found 0 plugins.
Preloading 0 native plugins for Editor in 0.00 ms.
Mono: successfully reloaded assembly
- Completed reload, in  0.815 seconds
Platform modules already initialized, skipping
Refreshing native plugins compatible for Editor in 0.24 ms, found 0 plugins.
Preloading 0 native plugins for Editor in 0.00 ms.
Unloading 1117 Unused Serialized files (Serialized files now loaded: 0)
System memory in use before: 60.6 MB.
System memory in use after: 60.7 MB.

Unloading 4 unused Assets to reduce memory usage. Loaded Objects now: 1650.
Total: 1.720300 ms (FindLiveObjects: 0.173100 ms CreateObjectMapping: 0.045200 ms MarkObjects: 1.487400 ms  DeleteObjects: 0.013300 ms)

========================================================================
Received Prepare
Registering precompiled user dll's ...
Registered in 0.000854 seconds.
Begin MonoManager ReloadAssembly
Native extension for WindowsStandalone target not found
Native extension for WebGL target not found
Refreshing native plugins compatible for Editor in 0.28 ms, found 0 plugins.
Preloading 0 native plugins for Editor in 0.00 ms.
Mono: successfully reloaded assembly
- Completed reload, in  0.811 seconds
Platform modules already initialized, skipping
Refreshing native plugins compatible for Editor in 0.23 ms, found 0 plugins.
Preloading 0 native plugins for Editor in 0.00 ms.
Unloading 1117 Unused Serialized files (Serialized files now loaded: 0)
System memory in use before: 60.6 MB.
System memory in use after: 60.7 MB.

Unloading 4 unused Assets to reduce memory usage. Loaded Objects now: 1653.
Total: 1.656600 ms (FindLiveObjects: 0.129200 ms CreateObjectMapping: 0.042800 ms MarkObjects: 1.471400 ms  DeleteObjects: 0.012100 ms)

========================================================================
Received Prepare
Registering precompiled user dll's ...
Registered in 0.000657 seconds.
Begin MonoManager ReloadAssembly
Native extension for WindowsStandalone target not found
Native extension for WebGL target not found
Refreshing native plugins compatible for Editor in 0.25 ms, found 0 plugins.
Preloading 0 native plugins for Editor in 0.00 ms.
Mono: successfully reloaded assembly
- Completed reload, in  0.799 seconds
Platform modules already initialized, skipping
Refreshing native plugins compatible for Editor in 0.23 ms, found 0 plugins.
Preloading 0 native plugins for Editor in 0.00 ms.
Unloading 1117 Unused Serialized files (Serialized files now loaded: 0)
System memory in use before: 60.6 MB.
System memory in use after: 60.7 MB.

Unloading 4 unused Assets to reduce memory usage. Loaded Objects now: 1656.
Total: 1.653300 ms (FindLiveObjects: 0.130600 ms CreateObjectMapping: 0.042800 ms MarkObjects: 1.465600 ms  DeleteObjects: 0.013300 ms)

========================================================================
Received Prepare
Registering precompiled user dll's ...
Registered in 0.000594 seconds.
Begin MonoManager ReloadAssembly
Native extension for WindowsStandalone target not found
Native extension for WebGL target not found
Refreshing native plugins compatible for Editor in 0.24 ms, found 0 plugins.
Preloading 0 native plugins for Editor in 0.00 ms.
Mono: successfully reloaded assembly
- Completed reload, in  0.775 seconds
Platform modules already initialized, skipping
Refreshing native plugins compatible for Editor in 0.19 ms, found 0 plugins.
Preloading 0 native plugins for Editor in 0.00 ms.
Unloading 1116 Unused Serialized files (Serialized files now loaded: 0)
System memory in use before: 60.6 MB.
System memory in use after: 60.7 MB.

Unloading 5 unused Assets to reduce memory usage. Loaded Objects now: 1658.
Total: 1.651300 ms (FindLiveObjects: 0.127000 ms CreateObjectMapping: 0.042400 ms MarkObjects: 1.450500 ms  DeleteObjects: 0.030800 ms)

AssetImportWorkerClient::OnTransportError - code=2 error=End of file
